Performing C++ SOURCE FILE Test have_maltivec failed with the following output:
Change Dir: /home/katsikas/gnuradio/build/volk/CMakeFiles/CMakeTmp

Run Build Command:/usr/bin/gmake "cmTryCompileExec/fast"
/usr/bin/gmake -f CMakeFiles/cmTryCompileExec.dir/build.make CMakeFiles/cmTryCompileExec.dir/build
gmake[1]: Entering directory `/home/katsikas/gnuradio/build/volk/CMakeFiles/CMakeTmp'
/usr/bin/cmake -E cmake_progress_report /home/katsikas/gnuradio/build/volk/CMakeFiles/CMakeTmp/CMakeFiles 1
Building CXX object CMakeFiles/cmTryCompileExec.dir/src.cxx.o
/usr/bin/c++    -Dhave_maltivec   -maltivec -o CMakeFiles/cmTryCompileExec.dir/src.cxx.o -c /home/katsikas/gnuradio/build/volk/CMakeFiles/CMakeTmp/src.cxx
cc1plus: error: unrecognized command line option ‘-maltivec’
gmake[1]: *** [CMakeFiles/cmTryCompileExec.dir/src.cxx.o] Error 1
gmake[1]: Leaving directory `/home/katsikas/gnuradio/build/volk/CMakeFiles/CMakeTmp'
gmake: *** [cmTryCompileExec/fast] Error 2

Source file was:
int main() { return 0;}
Performing C++ SOURCE FILE Test have_mfpu=neon failed with the following output:
Change Dir: /home/katsikas/gnuradio/build/volk/CMakeFiles/CMakeTmp

Run Build Command:/usr/bin/gmake "cmTryCompileExec/fast"
/usr/bin/gmake -f CMakeFiles/cmTryCompileExec.dir/build.make CMakeFiles/cmTryCompileExec.dir/build
gmake[1]: Entering directory `/home/katsikas/gnuradio/build/volk/CMakeFiles/CMakeTmp'
/usr/bin/cmake -E cmake_progress_report /home/katsikas/gnuradio/build/volk/CMakeFiles/CMakeTmp/CMakeFiles 1
Building CXX object CMakeFiles/cmTryCompileExec.dir/src.cxx.o
/usr/bin/c++    -Dhave_mfpu=neon   -mfpu=neon -o CMakeFiles/cmTryCompileExec.dir/src.cxx.o -c /home/katsikas/gnuradio/build/volk/CMakeFiles/CMakeTmp/src.cxx
cc1plus: error: unrecognized command line option ‘-mfpu=neon’
gmake[1]: *** [CMakeFiles/cmTryCompileExec.dir/src.cxx.o] Error 1
gmake[1]: Leaving directory `/home/katsikas/gnuradio/build/volk/CMakeFiles/CMakeTmp'
gmake: *** [cmTryCompileExec/fast] Error 2

Source file was:
int main() { return 0;}
Performing C++ SOURCE FILE Test have_mfloat-abi=softfp failed with the following output:
Change Dir: /home/katsikas/gnuradio/build/volk/CMakeFiles/CMakeTmp

Run Build Command:/usr/bin/gmake "cmTryCompileExec/fast"
/usr/bin/gmake -f CMakeFiles/cmTryCompileExec.dir/build.make CMakeFiles/cmTryCompileExec.dir/build
gmake[1]: Entering directory `/home/katsikas/gnuradio/build/volk/CMakeFiles/CMakeTmp'
/usr/bin/cmake -E cmake_progress_report /home/katsikas/gnuradio/build/volk/CMakeFiles/CMakeTmp/CMakeFiles 1
Building CXX object CMakeFiles/cmTryCompileExec.dir/src.cxx.o
/usr/bin/c++    -Dhave_mfloat-abi=softfp   -mfloat-abi=softfp -o CMakeFiles/cmTryCompileExec.dir/src.cxx.o -c /home/katsikas/gnuradio/build/volk/CMakeFiles/CMakeTmp/src.cxx
cc1plus: error: unrecognized command line option ‘-mfloat-abi=softfp’
gmake[1]: *** [CMakeFiles/cmTryCompileExec.dir/src.cxx.o] Error 1
gmake[1]: Leaving directory `/home/katsikas/gnuradio/build/volk/CMakeFiles/CMakeTmp'
gmake: *** [cmTryCompileExec/fast] Error 2

Source file was:
int main() { return 0;}
