Determining size of void* passed with the following output:
Change Dir: /home/katsikas/gnuradio/build/volk/CMakeFiles/CMakeTmp

Run Build Command:/usr/bin/gmake "cmTryCompileExec/fast"
/usr/bin/gmake -f CMakeFiles/cmTryCompileExec.dir/build.make CMakeFiles/cmTryCompileExec.dir/build
gmake[1]: Entering directory `/home/katsikas/gnuradio/build/volk/CMakeFiles/CMakeTmp'
/usr/bin/cmake -E cmake_progress_report /home/katsikas/gnuradio/build/volk/CMakeFiles/CMakeTmp/CMakeFiles 1
Building C object CMakeFiles/cmTryCompileExec.dir/SIZEOF_VOID_P.c.o
/usr/bin/gcc    -o CMakeFiles/cmTryCompileExec.dir/SIZEOF_VOID_P.c.o   -c /home/katsikas/gnuradio/build/volk/CMakeFiles/CheckTypeSize/SIZEOF_VOID_P.c
Linking C executable cmTryCompileExec
/usr/bin/cmake -E cmake_link_script CMakeFiles/cmTryCompileExec.dir/link.txt --verbose=1
/usr/bin/gcc         CMakeFiles/cmTryCompileExec.dir/SIZEOF_VOID_P.c.o  -o cmTryCompileExec -rdynamic 
gmake[1]: Leaving directory `/home/katsikas/gnuradio/build/volk/CMakeFiles/CMakeTmp'


Performing C++ SOURCE FILE Test have_funsafe-math-optimizations succeded with the following output:
Change Dir: /home/katsikas/gnuradio/build/volk/CMakeFiles/CMakeTmp

Run Build Command:/usr/bin/gmake "cmTryCompileExec/fast"
/usr/bin/gmake -f CMakeFiles/cmTryCompileExec.dir/build.make CMakeFiles/cmTryCompileExec.dir/build
gmake[1]: Entering directory `/home/katsikas/gnuradio/build/volk/CMakeFiles/CMakeTmp'
/usr/bin/cmake -E cmake_progress_report /home/katsikas/gnuradio/build/volk/CMakeFiles/CMakeTmp/CMakeFiles 1
Building CXX object CMakeFiles/cmTryCompileExec.dir/src.cxx.o
/usr/bin/c++    -Dhave_funsafe-math-optimizations   -funsafe-math-optimizations -o CMakeFiles/cmTryCompileExec.dir/src.cxx.o -c /home/katsikas/gnuradio/build/volk/CMakeFiles/CMakeTmp/src.cxx
<command-line>:0:13: warning: missing whitespace after the macro name [enabled by default]
Linking CXX executable cmTryCompileExec
/usr/bin/cmake -E cmake_link_script CMakeFiles/cmTryCompileExec.dir/link.txt --verbose=1
/usr/bin/c++      -Dhave_funsafe-math-optimizations    CMakeFiles/cmTryCompileExec.dir/src.cxx.o  -o cmTryCompileExec -rdynamic 
gmake[1]: Leaving directory `/home/katsikas/gnuradio/build/volk/CMakeFiles/CMakeTmp'

Source file was:
int main() { return 0;}
Performing C++ SOURCE FILE Test have_m64 succeded with the following output:
Change Dir: /home/katsikas/gnuradio/build/volk/CMakeFiles/CMakeTmp

Run Build Command:/usr/bin/gmake "cmTryCompileExec/fast"
/usr/bin/gmake -f CMakeFiles/cmTryCompileExec.dir/build.make CMakeFiles/cmTryCompileExec.dir/build
gmake[1]: Entering directory `/home/katsikas/gnuradio/build/volk/CMakeFiles/CMakeTmp'
/usr/bin/cmake -E cmake_progress_report /home/katsikas/gnuradio/build/volk/CMakeFiles/CMakeTmp/CMakeFiles 1
Building CXX object CMakeFiles/cmTryCompileExec.dir/src.cxx.o
/usr/bin/c++    -Dhave_m64   -m64 -o CMakeFiles/cmTryCompileExec.dir/src.cxx.o -c /home/katsikas/gnuradio/build/volk/CMakeFiles/CMakeTmp/src.cxx
Linking CXX executable cmTryCompileExec
/usr/bin/cmake -E cmake_link_script CMakeFiles/cmTryCompileExec.dir/link.txt --verbose=1
/usr/bin/c++      -Dhave_m64    CMakeFiles/cmTryCompileExec.dir/src.cxx.o  -o cmTryCompileExec -rdynamic 
gmake[1]: Leaving directory `/home/katsikas/gnuradio/build/volk/CMakeFiles/CMakeTmp'

Source file was:
int main() { return 0;}
Performing C++ SOURCE FILE Test have_m3dnow succeded with the following output:
Change Dir: /home/katsikas/gnuradio/build/volk/CMakeFiles/CMakeTmp

Run Build Command:/usr/bin/gmake "cmTryCompileExec/fast"
/usr/bin/gmake -f CMakeFiles/cmTryCompileExec.dir/build.make CMakeFiles/cmTryCompileExec.dir/build
gmake[1]: Entering directory `/home/katsikas/gnuradio/build/volk/CMakeFiles/CMakeTmp'
/usr/bin/cmake -E cmake_progress_report /home/katsikas/gnuradio/build/volk/CMakeFiles/CMakeTmp/CMakeFiles 1
Building CXX object CMakeFiles/cmTryCompileExec.dir/src.cxx.o
/usr/bin/c++    -Dhave_m3dnow   -m3dnow -o CMakeFiles/cmTryCompileExec.dir/src.cxx.o -c /home/katsikas/gnuradio/build/volk/CMakeFiles/CMakeTmp/src.cxx
Linking CXX executable cmTryCompileExec
/usr/bin/cmake -E cmake_link_script CMakeFiles/cmTryCompileExec.dir/link.txt --verbose=1
/usr/bin/c++      -Dhave_m3dnow    CMakeFiles/cmTryCompileExec.dir/src.cxx.o  -o cmTryCompileExec -rdynamic 
gmake[1]: Leaving directory `/home/katsikas/gnuradio/build/volk/CMakeFiles/CMakeTmp'

Source file was:
int main() { return 0;}
Performing C++ SOURCE FILE Test have_msse4.2 succeded with the following output:
Change Dir: /home/katsikas/gnuradio/build/volk/CMakeFiles/CMakeTmp

Run Build Command:/usr/bin/gmake "cmTryCompileExec/fast"
/usr/bin/gmake -f CMakeFiles/cmTryCompileExec.dir/build.make CMakeFiles/cmTryCompileExec.dir/build
gmake[1]: Entering directory `/home/katsikas/gnuradio/build/volk/CMakeFiles/CMakeTmp'
/usr/bin/cmake -E cmake_progress_report /home/katsikas/gnuradio/build/volk/CMakeFiles/CMakeTmp/CMakeFiles 1
Building CXX object CMakeFiles/cmTryCompileExec.dir/src.cxx.o
/usr/bin/c++    -Dhave_msse4.2   -msse4.2 -o CMakeFiles/cmTryCompileExec.dir/src.cxx.o -c /home/katsikas/gnuradio/build/volk/CMakeFiles/CMakeTmp/src.cxx
<command-line>:0:11: warning: missing whitespace after the macro name [enabled by default]
Linking CXX executable cmTryCompileExec
/usr/bin/cmake -E cmake_link_script CMakeFiles/cmTryCompileExec.dir/link.txt --verbose=1
/usr/bin/c++      -Dhave_msse4.2    CMakeFiles/cmTryCompileExec.dir/src.cxx.o  -o cmTryCompileExec -rdynamic 
gmake[1]: Leaving directory `/home/katsikas/gnuradio/build/volk/CMakeFiles/CMakeTmp'

Source file was:
int main() { return 0;}
Performing C++ SOURCE FILE Test have_mpopcnt succeded with the following output:
Change Dir: /home/katsikas/gnuradio/build/volk/CMakeFiles/CMakeTmp

Run Build Command:/usr/bin/gmake "cmTryCompileExec/fast"
/usr/bin/gmake -f CMakeFiles/cmTryCompileExec.dir/build.make CMakeFiles/cmTryCompileExec.dir/build
gmake[1]: Entering directory `/home/katsikas/gnuradio/build/volk/CMakeFiles/CMakeTmp'
/usr/bin/cmake -E cmake_progress_report /home/katsikas/gnuradio/build/volk/CMakeFiles/CMakeTmp/CMakeFiles 1
Building CXX object CMakeFiles/cmTryCompileExec.dir/src.cxx.o
/usr/bin/c++    -Dhave_mpopcnt   -mpopcnt -o CMakeFiles/cmTryCompileExec.dir/src.cxx.o -c /home/katsikas/gnuradio/build/volk/CMakeFiles/CMakeTmp/src.cxx
Linking CXX executable cmTryCompileExec
/usr/bin/cmake -E cmake_link_script CMakeFiles/cmTryCompileExec.dir/link.txt --verbose=1
/usr/bin/c++      -Dhave_mpopcnt    CMakeFiles/cmTryCompileExec.dir/src.cxx.o  -o cmTryCompileExec -rdynamic 
gmake[1]: Leaving directory `/home/katsikas/gnuradio/build/volk/CMakeFiles/CMakeTmp'

Source file was:
int main() { return 0;}
Performing C++ SOURCE FILE Test have_mmmx succeded with the following output:
Change Dir: /home/katsikas/gnuradio/build/volk/CMakeFiles/CMakeTmp

Run Build Command:/usr/bin/gmake "cmTryCompileExec/fast"
/usr/bin/gmake -f CMakeFiles/cmTryCompileExec.dir/build.make CMakeFiles/cmTryCompileExec.dir/build
gmake[1]: Entering directory `/home/katsikas/gnuradio/build/volk/CMakeFiles/CMakeTmp'
/usr/bin/cmake -E cmake_progress_report /home/katsikas/gnuradio/build/volk/CMakeFiles/CMakeTmp/CMakeFiles 1
Building CXX object CMakeFiles/cmTryCompileExec.dir/src.cxx.o
/usr/bin/c++    -Dhave_mmmx   -mmmx -o CMakeFiles/cmTryCompileExec.dir/src.cxx.o -c /home/katsikas/gnuradio/build/volk/CMakeFiles/CMakeTmp/src.cxx
Linking CXX executable cmTryCompileExec
/usr/bin/cmake -E cmake_link_script CMakeFiles/cmTryCompileExec.dir/link.txt --verbose=1
/usr/bin/c++      -Dhave_mmmx    CMakeFiles/cmTryCompileExec.dir/src.cxx.o  -o cmTryCompileExec -rdynamic 
gmake[1]: Leaving directory `/home/katsikas/gnuradio/build/volk/CMakeFiles/CMakeTmp'

Source file was:
int main() { return 0;}
Performing C++ SOURCE FILE Test have_msse succeded with the following output:
Change Dir: /home/katsikas/gnuradio/build/volk/CMakeFiles/CMakeTmp

Run Build Command:/usr/bin/gmake "cmTryCompileExec/fast"
/usr/bin/gmake -f CMakeFiles/cmTryCompileExec.dir/build.make CMakeFiles/cmTryCompileExec.dir/build
gmake[1]: Entering directory `/home/katsikas/gnuradio/build/volk/CMakeFiles/CMakeTmp'
/usr/bin/cmake -E cmake_progress_report /home/katsikas/gnuradio/build/volk/CMakeFiles/CMakeTmp/CMakeFiles 1
Building CXX object CMakeFiles/cmTryCompileExec.dir/src.cxx.o
/usr/bin/c++    -Dhave_msse   -msse -o CMakeFiles/cmTryCompileExec.dir/src.cxx.o -c /home/katsikas/gnuradio/build/volk/CMakeFiles/CMakeTmp/src.cxx
Linking CXX executable cmTryCompileExec
/usr/bin/cmake -E cmake_link_script CMakeFiles/cmTryCompileExec.dir/link.txt --verbose=1
/usr/bin/c++      -Dhave_msse    CMakeFiles/cmTryCompileExec.dir/src.cxx.o  -o cmTryCompileExec -rdynamic 
gmake[1]: Leaving directory `/home/katsikas/gnuradio/build/volk/CMakeFiles/CMakeTmp'

Source file was:
int main() { return 0;}
Performing C++ SOURCE FILE Test have_msse2 succeded with the following output:
Change Dir: /home/katsikas/gnuradio/build/volk/CMakeFiles/CMakeTmp

Run Build Command:/usr/bin/gmake "cmTryCompileExec/fast"
/usr/bin/gmake -f CMakeFiles/cmTryCompileExec.dir/build.make CMakeFiles/cmTryCompileExec.dir/build
gmake[1]: Entering directory `/home/katsikas/gnuradio/build/volk/CMakeFiles/CMakeTmp'
/usr/bin/cmake -E cmake_progress_report /home/katsikas/gnuradio/build/volk/CMakeFiles/CMakeTmp/CMakeFiles 1
Building CXX object CMakeFiles/cmTryCompileExec.dir/src.cxx.o
/usr/bin/c++    -Dhave_msse2   -msse2 -o CMakeFiles/cmTryCompileExec.dir/src.cxx.o -c /home/katsikas/gnuradio/build/volk/CMakeFiles/CMakeTmp/src.cxx
Linking CXX executable cmTryCompileExec
/usr/bin/cmake -E cmake_link_script CMakeFiles/cmTryCompileExec.dir/link.txt --verbose=1
/usr/bin/c++      -Dhave_msse2    CMakeFiles/cmTryCompileExec.dir/src.cxx.o  -o cmTryCompileExec -rdynamic 
gmake[1]: Leaving directory `/home/katsikas/gnuradio/build/volk/CMakeFiles/CMakeTmp'

Source file was:
int main() { return 0;}
Performing C++ SOURCE FILE Test have_lorc-0.4 succeded with the following output:
Change Dir: /home/katsikas/gnuradio/build/volk/CMakeFiles/CMakeTmp

Run Build Command:/usr/bin/gmake "cmTryCompileExec/fast"
/usr/bin/gmake -f CMakeFiles/cmTryCompileExec.dir/build.make CMakeFiles/cmTryCompileExec.dir/build
gmake[1]: Entering directory `/home/katsikas/gnuradio/build/volk/CMakeFiles/CMakeTmp'
/usr/bin/cmake -E cmake_progress_report /home/katsikas/gnuradio/build/volk/CMakeFiles/CMakeTmp/CMakeFiles 1
Building CXX object CMakeFiles/cmTryCompileExec.dir/src.cxx.o
/usr/bin/c++    -Dhave_lorc-0.4   -lorc-0.4 -o CMakeFiles/cmTryCompileExec.dir/src.cxx.o -c /home/katsikas/gnuradio/build/volk/CMakeFiles/CMakeTmp/src.cxx
<command-line>:0:10: warning: missing whitespace after the macro name [enabled by default]
Linking CXX executable cmTryCompileExec
/usr/bin/cmake -E cmake_link_script CMakeFiles/cmTryCompileExec.dir/link.txt --verbose=1
/usr/bin/c++      -Dhave_lorc-0.4    CMakeFiles/cmTryCompileExec.dir/src.cxx.o  -o cmTryCompileExec -rdynamic 
gmake[1]: Leaving directory `/home/katsikas/gnuradio/build/volk/CMakeFiles/CMakeTmp'

Source file was:
int main() { return 0;}
Performing C++ SOURCE FILE Test have_msse3 succeded with the following output:
Change Dir: /home/katsikas/gnuradio/build/volk/CMakeFiles/CMakeTmp

Run Build Command:/usr/bin/gmake "cmTryCompileExec/fast"
/usr/bin/gmake -f CMakeFiles/cmTryCompileExec.dir/build.make CMakeFiles/cmTryCompileExec.dir/build
gmake[1]: Entering directory `/home/katsikas/gnuradio/build/volk/CMakeFiles/CMakeTmp'
/usr/bin/cmake -E cmake_progress_report /home/katsikas/gnuradio/build/volk/CMakeFiles/CMakeTmp/CMakeFiles 1
Building CXX object CMakeFiles/cmTryCompileExec.dir/src.cxx.o
/usr/bin/c++    -Dhave_msse3   -msse3 -o CMakeFiles/cmTryCompileExec.dir/src.cxx.o -c /home/katsikas/gnuradio/build/volk/CMakeFiles/CMakeTmp/src.cxx
Linking CXX executable cmTryCompileExec
/usr/bin/cmake -E cmake_link_script CMakeFiles/cmTryCompileExec.dir/link.txt --verbose=1
/usr/bin/c++      -Dhave_msse3    CMakeFiles/cmTryCompileExec.dir/src.cxx.o  -o cmTryCompileExec -rdynamic 
gmake[1]: Leaving directory `/home/katsikas/gnuradio/build/volk/CMakeFiles/CMakeTmp'

Source file was:
int main() { return 0;}
Performing C++ SOURCE FILE Test have_mssse3 succeded with the following output:
Change Dir: /home/katsikas/gnuradio/build/volk/CMakeFiles/CMakeTmp

Run Build Command:/usr/bin/gmake "cmTryCompileExec/fast"
/usr/bin/gmake -f CMakeFiles/cmTryCompileExec.dir/build.make CMakeFiles/cmTryCompileExec.dir/build
gmake[1]: Entering directory `/home/katsikas/gnuradio/build/volk/CMakeFiles/CMakeTmp'
/usr/bin/cmake -E cmake_progress_report /home/katsikas/gnuradio/build/volk/CMakeFiles/CMakeTmp/CMakeFiles 1
Building CXX object CMakeFiles/cmTryCompileExec.dir/src.cxx.o
/usr/bin/c++    -Dhave_mssse3   -mssse3 -o CMakeFiles/cmTryCompileExec.dir/src.cxx.o -c /home/katsikas/gnuradio/build/volk/CMakeFiles/CMakeTmp/src.cxx
Linking CXX executable cmTryCompileExec
/usr/bin/cmake -E cmake_link_script CMakeFiles/cmTryCompileExec.dir/link.txt --verbose=1
/usr/bin/c++      -Dhave_mssse3    CMakeFiles/cmTryCompileExec.dir/src.cxx.o  -o cmTryCompileExec -rdynamic 
gmake[1]: Leaving directory `/home/katsikas/gnuradio/build/volk/CMakeFiles/CMakeTmp'

Source file was:
int main() { return 0;}
Performing C++ SOURCE FILE Test have_msse4a succeded with the following output:
Change Dir: /home/katsikas/gnuradio/build/volk/CMakeFiles/CMakeTmp

Run Build Command:/usr/bin/gmake "cmTryCompileExec/fast"
/usr/bin/gmake -f CMakeFiles/cmTryCompileExec.dir/build.make CMakeFiles/cmTryCompileExec.dir/build
gmake[1]: Entering directory `/home/katsikas/gnuradio/build/volk/CMakeFiles/CMakeTmp'
/usr/bin/cmake -E cmake_progress_report /home/katsikas/gnuradio/build/volk/CMakeFiles/CMakeTmp/CMakeFiles 1
Building CXX object CMakeFiles/cmTryCompileExec.dir/src.cxx.o
/usr/bin/c++    -Dhave_msse4a   -msse4a -o CMakeFiles/cmTryCompileExec.dir/src.cxx.o -c /home/katsikas/gnuradio/build/volk/CMakeFiles/CMakeTmp/src.cxx
Linking CXX executable cmTryCompileExec
/usr/bin/cmake -E cmake_link_script CMakeFiles/cmTryCompileExec.dir/link.txt --verbose=1
/usr/bin/c++      -Dhave_msse4a    CMakeFiles/cmTryCompileExec.dir/src.cxx.o  -o cmTryCompileExec -rdynamic 
gmake[1]: Leaving directory `/home/katsikas/gnuradio/build/volk/CMakeFiles/CMakeTmp'

Source file was:
int main() { return 0;}
Performing C++ SOURCE FILE Test have_msse4.1 succeded with the following output:
Change Dir: /home/katsikas/gnuradio/build/volk/CMakeFiles/CMakeTmp

Run Build Command:/usr/bin/gmake "cmTryCompileExec/fast"
/usr/bin/gmake -f CMakeFiles/cmTryCompileExec.dir/build.make CMakeFiles/cmTryCompileExec.dir/build
gmake[1]: Entering directory `/home/katsikas/gnuradio/build/volk/CMakeFiles/CMakeTmp'
/usr/bin/cmake -E cmake_progress_report /home/katsikas/gnuradio/build/volk/CMakeFiles/CMakeTmp/CMakeFiles 1
Building CXX object CMakeFiles/cmTryCompileExec.dir/src.cxx.o
/usr/bin/c++    -Dhave_msse4.1   -msse4.1 -o CMakeFiles/cmTryCompileExec.dir/src.cxx.o -c /home/katsikas/gnuradio/build/volk/CMakeFiles/CMakeTmp/src.cxx
<command-line>:0:11: warning: missing whitespace after the macro name [enabled by default]
Linking CXX executable cmTryCompileExec
/usr/bin/cmake -E cmake_link_script CMakeFiles/cmTryCompileExec.dir/link.txt --verbose=1
/usr/bin/c++      -Dhave_msse4.1    CMakeFiles/cmTryCompileExec.dir/src.cxx.o  -o cmTryCompileExec -rdynamic 
gmake[1]: Leaving directory `/home/katsikas/gnuradio/build/volk/CMakeFiles/CMakeTmp'

Source file was:
int main() { return 0;}
Performing C++ SOURCE FILE Test have_mavx succeded with the following output:
Change Dir: /home/katsikas/gnuradio/build/volk/CMakeFiles/CMakeTmp

Run Build Command:/usr/bin/gmake "cmTryCompileExec/fast"
/usr/bin/gmake -f CMakeFiles/cmTryCompileExec.dir/build.make CMakeFiles/cmTryCompileExec.dir/build
gmake[1]: Entering directory `/home/katsikas/gnuradio/build/volk/CMakeFiles/CMakeTmp'
/usr/bin/cmake -E cmake_progress_report /home/katsikas/gnuradio/build/volk/CMakeFiles/CMakeTmp/CMakeFiles 1
Building CXX object CMakeFiles/cmTryCompileExec.dir/src.cxx.o
/usr/bin/c++    -Dhave_mavx   -mavx -o CMakeFiles/cmTryCompileExec.dir/src.cxx.o -c /home/katsikas/gnuradio/build/volk/CMakeFiles/CMakeTmp/src.cxx
Linking CXX executable cmTryCompileExec
/usr/bin/cmake -E cmake_link_script CMakeFiles/cmTryCompileExec.dir/link.txt --verbose=1
/usr/bin/c++      -Dhave_mavx    CMakeFiles/cmTryCompileExec.dir/src.cxx.o  -o cmTryCompileExec -rdynamic 
gmake[1]: Leaving directory `/home/katsikas/gnuradio/build/volk/CMakeFiles/CMakeTmp'

Source file was:
int main() { return 0;}
